[2025-10-31 20:43:12] used_gemini
[2025-10-31 20:44:24] used_gemini
[2025-10-31 21:45:23] used_db_quick_win
[2025-10-31 21:53:22] used_db_quick_win
[2025-10-31 21:59:27] used_db_quick_win
[2025-10-31 22:03:04] used_db_quick_win
[2025-10-31 22:23:43] used_gemini
[2025-10-31 22:26:40] used_gemini_generation
[2025-10-31 22:26:46] used_gemini_generation
[2025-10-31 22:26:58] used_gemini_generation
[2025-10-31 22:27:21] used_gemini_generation
[2025-10-31 22:50:42] used_db_quick_win
[2025-10-31 22:51:29] used_db_quick_win
[2025-10-31 22:52:53] used_db_quick_win
[2025-10-31 23:09:18] used_db_fallback_after_gemini_fail
[2025-10-31 23:10:33] used_db_fallback_after_gemini_fail
[2025-10-31 23:31:38] used_db_fallback_after_gemini_fail
[2025-10-31 23:32:19] used_db_fallback_after_gemini_fail
[2025-10-31 23:32:44] used_db_fallback_after_gemini_fail
[2025-10-31 23:40:11] used_gemini
[2025-10-31 23:41:10] used_db_fallback_after_gemini_fail
[2025-10-31 23:45:19] used_gemini
[2025-10-31 23:53:55] used_db_fallback_after_gemini_fail
[2025-10-31 23:56:10] used_knowledge_base
[2025-10-31 23:56:31] used_knowledge_base
[2025-10-31 23:57:07] used_knowledge_base
[2025-10-31 23:58:15] used_knowledge_base
[2025-11-01 01:11:42] used_db_high_confidence
[2025-11-01 01:12:45] used_db_high_confidence
[2025-11-01 05:47:28] used_db_high_confidence
[2025-11-01 05:47:43] used_db_high_confidence
